<?xml version="1.0" encoding="UTF-8"?>
<!-- Generated by org.testng.reporters.JUnitXMLReporter -->
<testsuite hostname="DESKTOP-488FP15" ignored="0" name="Test" tests="3" failures="0" timestamp="25 May 2019 06:14:56 GMT" time="52.913" errors="0">
  <testcase name="ValidLoginLogout" time="6.355" classname="Com_Actitime_Test.ValidLoginLogoutTest"/>
  <testcase name="InvalidLogin" time="12.999" classname="Com_Actitime_Test.InvalidLoginTest"/>
  <testcase name="Verifyversion" time="0.154" classname="Com_Actitime_Test.VerifyversionTest"/>
</testsuite> <!-- Test -->
